[debug] [2022-04-01T22:07:45.323Z] ----------------------------------------------------------------------
[debug] [2022-04-01T22:07:45.325Z] Command:       /usr/local/bin/node /usr/local/bin/firebase emulators:start --only auth
[debug] [2022-04-01T22:07:45.325Z] CLI Version:   10.5.0
[debug] [2022-04-01T22:07:45.325Z] Platform:      darwin
[debug] [2022-04-01T22:07:45.325Z] Node Version:  v16.13.2
[debug] [2022-04-01T22:07:45.327Z] Time:          Fri Apr 01 2022 15:07:45 GMT-0700 (Pacific Daylight Time)
[debug] [2022-04-01T22:07:45.327Z] ----------------------------------------------------------------------
[debug] 
[debug] [2022-04-01T22:07:45.413Z] > command requires scopes: ["email","openid","https://www.googleapis.com/auth/cloudplatformprojects.readonly","https://www.googleapis.com/auth/firebase","https://www.googleapis.com/auth/cloud-platform"]
[debug] [2022-04-01T22:07:45.413Z] > authorizing via signed-in user (tadjh.brooks@gmail.com)
[info] i  emulators: Starting emulators: auth {"metadata":{"emulator":{"name":"hub"},"message":"Starting emulators: auth"}}
[debug] [2022-04-01T22:07:45.444Z] [hub] writing locator at /var/folders/ln/_94qhtnd3qj8vqhy1ff9qmz80000gn/T/hub-np-faction-relations.json
[info] i  ui: downloading ui-v1.6.5.zip... {"metadata":{"emulator":{"name":"ui"},"message":"downloading ui-v1.6.5.zip..."}}
[debug] [2022-04-01T22:07:52.167Z] >>> [apiv2][query] GET https://storage.googleapis.com/firebase-preview-drop/emulator/ui-v1.6.5.zip 
[debug] [2022-04-01T22:07:52.240Z] <<< [apiv2][status] GET https://storage.googleapis.com/firebase-preview-drop/emulator/ui-v1.6.5.zip 200
[debug] [2022-04-01T22:07:52.240Z] <<< [apiv2][body] GET https://storage.googleapis.com/firebase-preview-drop/emulator/ui-v1.6.5.zip [stream]
[debug] [2022-04-01T22:07:52.808Z] Ignoring unsupported arg: auto_download {"metadata":{"emulator":{"name":"ui"},"message":"Ignoring unsupported arg: auto_download"}}
[debug] [2022-04-01T22:07:52.809Z] Ignoring unsupported arg: port {"metadata":{"emulator":{"name":"ui"},"message":"Ignoring unsupported arg: port"}}
[debug] [2022-04-01T22:07:52.809Z] Starting Emulator UI with command {"binary":"node","args":["/Users/tadjhbrooks/.cache/firebase/emulators/ui-v1.6.5/server.bundle.js"],"optionalArgs":[],"joinArgs":false} {"metadata":{"emulator":{"name":"ui"},"message":"Starting Emulator UI with command {\"binary\":\"node\",\"args\":[\"/Users/tadjhbrooks/.cache/firebase/emulators/ui-v1.6.5/server.bundle.js\"],\"optionalArgs\":[],\"joinArgs\":false}"}}
[info] i  ui: Emulator UI logging to ui-debug.log {"metadata":{"emulator":{"name":"ui"},"message":"Emulator UI logging to \u001b[1mui-debug.log\u001b[22m"}}
[debug] [2022-04-01T22:07:52.927Z] Web / API server started at localhost:4000
 {"metadata":{"emulator":{"name":"ui"},"message":"Web / API server started at localhost:4000\n"}}
[info] 
┌─────────────────────────────────────────────────────────────┐
│ ✔  All emulators ready! It is now safe to connect your app. │
│ i  View Emulator UI at http://localhost:4000                │
└─────────────────────────────────────────────────────────────┘

┌────────────────┬────────────────┬────────────────────────────┐
│ Emulator       │ Host:Port      │ View in Emulator UI        │
├────────────────┼────────────────┼────────────────────────────┤
│ Authentication │ localhost:9099 │ http://localhost:4000/auth │
└────────────────┴────────────────┴────────────────────────────┘
  Emulator Hub running at localhost:4400
  Other reserved ports: 4500

Issues? Report them at https://github.com/firebase/firebase-tools/issues and attach the *-debug.log files.
 
[info] i  To reset your email address to tadjh.brooks@gmail.com, follow this link: http://localhost:9099/emulator/action?mode=recoverEmail&lang=en&oobCode=aXm_kv5MtOo5BULVWWkxA0Edgziv0RrodjBy2UDvlLPAfgPYoCn3By&apiKey=fake-api-key {"metadata":{"emulator":{"name":"auth"},"message":"To reset your email address to tadjh.brooks@gmail.com, follow this link: http://localhost:9099/emulator/action?mode=recoverEmail&lang=en&oobCode=aXm_kv5MtOo5BULVWWkxA0Edgziv0RrodjBy2UDvlLPAfgPYoCn3By&apiKey=fake-api-key"}}
